<?xml version="1.0" encoding="UTF-8"?>
<testng-results ignored="0" total="1" passed="1" failed="0" skipped="0">
  <reporter-output>
  </reporter-output>
  <suite started-at="2019-11-05T13:10:38Z" name="Default suite" finished-at="2019-11-05T13:11:59Z" duration-ms="81358">
    <groups>
    </groups>
    <test started-at="2019-11-05T13:10:38Z" name="Default test" finished-at="2019-11-05T13:11:59Z" duration-ms="81358">
      <class name="com.scotts.mylawn.testcases.LawnSizeTest">
        <test-method is-config="true" signature="Setup()[pri:0, instance:com.scotts.mylawn.testcases.LawnSizeTest@501edcf1]" started-at="2019-11-05T13:10:38Z" name="Setup" finished-at="2019-11-05T13:11:25Z" duration-ms="47202" status="PASS">
          <reporter-output>
          </reporter-output>
        </test-method> <!-- Setup -->
        <test-method signature="SelectCMLCP()[pri:0, instance:com.scotts.mylawn.testcases.LawnSizeTest@501edcf1]" started-at="2019-11-05T13:11:25Z" name="SelectCMLCP" description="Verify the functionality when user enter lawn size." finished-at="2019-11-05T13:11:59Z" duration-ms="34062" status="PASS">
          <reporter-output>
          </reporter-output>
        </test-method> <!-- SelectCMLCP -->
      </class> <!-- com.scotts.mylawn.testcases.LawnSizeTest -->
    </test> <!-- Default test -->
  </suite> <!-- Default suite -->
</testng-results>
